# JRE version: OpenJDK Runtime Environment (8.0_152-b02) (build 1.8.0_152-release-1024-b02)
# Java VM: OpenJDK 64-Bit Server VM (25.152-b02 mixed mode windows-amd64 compressed oops)
Heap:
 PSYoungGen      total 378880K, used 16440K [0x00000000e0000000, 0x0000000100000000, 0x0000000100000000)
  eden space 348160K, 1% used [0x00000000e0000000,0x00000000e068d828,0x00000000f5400000)
  from space 30720K, 31% used [0x00000000f5400000,0x00000000f5d80a20,0x00000000f7200000)
  to   space 29696K, 0% used [0x00000000fe300000,0x00000000fe300000,0x0000000100000000)
 ParOldGen       total 125440K, used 74128K [0x00000000a0000000, 0x00000000a7a80000, 0x00000000e0000000)
  object space 125440K, 59% used [0x00000000a0000000,0x00000000a48640e8,0x00000000a7a80000)
 Metaspace       used 80639K, capacity 84598K, committed 84952K, reserved 1122304K
  class space    used 10365K, capacity 11164K, committed 11264K, reserved 1048576K
GC Heap History (10 events):
Event: 47.329 GC heap before
{Heap before GC invocations=20 (full 3):
 PSYoungGen      total 239616K, used 239176K [0x00000000e0000000, 0x00000000eff80000, 0x0000000100000000)
  eden space 222720K, 100% used [0x00000000e0000000,0x00000000ed980000,0x00000000ed980000)
  from space 16896K, 97% used [0x00000000eef00000,0x00000000eff123c0,0x00000000eff80000)
  to   space 19456K, 0% used [0x00000000ed980000,0x00000000ed980000,0x00000000eec80000)
 ParOldGen       total 125440K, used 33360K [0x00000000a0000000, 0x00000000a7a80000, 0x00000000e0000000)
  object space 125440K, 26% used [0x00000000a0000000,0x00000000a2094118,0x00000000a7a80000)
 Metaspace       used 75377K, capacity 78566K, committed 78808K, reserved 1118208K
  class space    used 9776K, capacity 10428K, committed 10496K, reserved 1048576K
Event: 47.360 GC heap after
Heap after GC invocations=20 (full 3):
 PSYoungGen      total 242176K, used 19437K [0x00000000e0000000, 0x00000000f3580000, 0x0000000100000000)
  eden space 222720K, 0% used [0x00000000e0000000,0x00000000e0000000,0x00000000ed980000)
  from space 19456K, 99% used [0x00000000ed980000,0x00000000eec7b6e8,0x00000000eec80000)
  to   space 29184K, 0% used [0x00000000f1900000,0x00000000f1900000,0x00000000f3580000)
 ParOldGen       total 125440K, used 52189K [0x00000000a0000000, 0x00000000a7a80000, 0x00000000e0000000)
  object space 125440K, 41% used [0x00000000a0000000,0x00000000a32f7608,0x00000000a7a80000)
 Metaspace       used 75377K, capacity 78566K, committed 78808K, reserved 1118208K
  class space    used 9776K, capacity 10428K, committed 10496K, reserved 1048576K
}
Event: 49.892 GC heap before
{Heap before GC invocations=21 (full 3):
 PSYoungGen      total 242176K, used 241246K [0x00000000e0000000, 0x00000000f3580000, 0x0000000100000000)
  eden space 222720K, 99% used [0x00000000e0000000,0x00000000ed89c370,0x00000000ed980000)
  from space 19456K, 99% used [0x00000000ed980000,0x00000000eec7b6e8,0x00000000eec80000)
  to   space 29184K, 0% used [0x00000000f1900000,0x00000000f1900000,0x00000000f3580000)
 ParOldGen       total 125440K, used 52189K [0x00000000a0000000, 0x00000000a7a80000, 0x00000000e0000000)
  object space 125440K, 41% used [0x00000000a0000000,0x00000000a32f7608,0x00000000a7a80000)
 Metaspace       used 77133K, capacity 80608K, committed 80856K, reserved 1120256K
  class space    used 10026K, capacity 10719K, committed 10752K, reserved 1048576K
Event: 49.916 GC heap after
Heap after GC invocations=21 (full 3):
 PSYoungGen      total 285184K, used 22930K [0x00000000e0000000, 0x00000000f3c00000, 0x0000000100000000)
  eden space 256000K, 0% used [0x00000000e0000000,0x00000000e0000000,0x00000000efa00000)
  from space 29184K, 78% used [0x00000000f1900000,0x00000000f2f64838,0x00000000f3580000)
  to   space 31744K, 0% used [0x00000000efa00000,0x00000000efa00000,0x00000000f1900000)
 ParOldGen       total 125440K, used 56828K [0x00000000a0000000, 0x00000000a7a80000, 0x00000000e0000000)
  object space 125440K, 45% used [0x00000000a0000000,0x00000000a377f1c0,0x00000000a7a80000)
 Metaspace       used 77133K, capacity 80608K, committed 80856K, reserved 1120256K
  class space    used 10026K, capacity 10719K, committed 10752K, reserved 1048576K
}
Event: 49.945 GC heap before
{Heap before GC invocations=22 (full 3):
 PSYoungGen      total 285184K, used 278558K [0x00000000e0000000, 0x00000000f3c00000, 0x0000000100000000)
  eden space 256000K, 99% used [0x00000000e0000000,0x00000000ef9a3300,0x00000000efa00000)
  from space 29184K, 78% used [0x00000000f1900000,0x00000000f2f64838,0x00000000f3580000)
  to   space 31744K, 0% used [0x00000000efa00000,0x00000000efa00000,0x00000000f1900000)
 ParOldGen       total 125440K, used 56828K [0x00000000a0000000, 0x00000000a7a80000, 0x00000000e0000000)
  object space 125440K, 45% used [0x00000000a0000000,0x00000000a377f1c0,0x00000000a7a80000)
 Metaspace       used 77140K, capacity 80608K, committed 80856K, reserved 1120256K
  class space    used 10026K, capacity 10719K, committed 10752K, reserved 1048576K
Event: 49.971 GC heap after
Heap after GC invocations=22 (full 3):
 PSYoungGen      total 287744K, used 19187K [0x00000000e0000000, 0x00000000f9480000, 0x0000000100000000)
  eden space 256000K, 0% used [0x00000000e0000000,0x00000000e0000000,0x00000000efa00000)
  from space 31744K, 60% used [0x00000000efa00000,0x00000000f0cbcf20,0x00000000f1900000)
  to   space 31744K, 0% used [0x00000000f7580000,0x00000000f7580000,0x00000000f9480000)
 ParOldGen       total 125440K, used 56836K [0x00000000a0000000, 0x00000000a7a80000, 0x00000000e0000000)
  object space 125440K, 45% used [0x00000000a0000000,0x00000000a37811c0,0x00000000a7a80000)
 Metaspace       used 77140K, capacity 80608K, committed 80856K, reserved 1120256K
  class space    used 10026K, capacity 10719K, committed 10752K, reserved 1048576K
}
Event: 74.226 GC heap before
{Heap before GC invocations=23 (full 3):
 PSYoungGen      total 287744K, used 274508K [0x00000000e0000000, 0x00000000f9480000, 0x0000000100000000)
  eden space 256000K, 99% used [0x00000000e0000000,0x00000000ef9561f8,0x00000000efa00000)
  from space 31744K, 60% used [0x00000000efa00000,0x00000000f0cbcf20,0x00000000f1900000)
  to   space 31744K, 0% used [0x00000000f7580000,0x00000000f7580000,0x00000000f9480000)
 ParOldGen       total 125440K, used 56836K [0x00000000a0000000, 0x00000000a7a80000, 0x00000000e0000000)
  object space 125440K, 45% used [0x00000000a0000000,0x00000000a37811c0,0x00000000a7a80000)
 Metaspace       used 78325K, capacity 82132K, committed 82392K, reserved 1120256K
  class space    used 10178K, capacity 10951K, committed 11008K, reserved 1048576K
Event: 74.254 GC heap after
Heap after GC invocations=23 (full 3):
 PSYoungGen      total 375296K, used 9358K [0x00000000e0000000, 0x00000000f9000000, 0x0000000100000000)
  eden space 348160K, 0% used [0x00000000e0000000,0x00000000e0000000,0x00000000f5400000)
  from space 27136K, 34% used [0x00000000f7580000,0x00000000f7ea3a40,0x00000000f9000000)
  to   space 30720K, 0% used [0x00000000f5400000,0x00000000f5400000,0x00000000f7200000)
 ParOldGen       total 125440K, used 70947K [0x00000000a0000000, 0x00000000a7a80000, 0x00000000e0000000)
  object space 125440K, 56% used [0x00000000a0000000,0x00000000a4548e78,0x00000000a7a80000)
 Metaspace       used 78325K, capacity 82132K, committed 82392K, reserved 1120256K
  class space    used 10178K, capacity 10951K, committed 11008K, reserved 1048576K
}
Event: 81.555 GC heap before
{Heap before GC invocations=24 (full 3):
 PSYoungGen      total 375296K, used 357518K [0x00000000e0000000, 0x00000000f9000000, 0x0000000100000000)
  eden space 348160K, 100% used [0x00000000e0000000,0x00000000f5400000,0x00000000f5400000)
  from space 27136K, 34% used [0x00000000f7580000,0x00000000f7ea3a40,0x00000000f9000000)
  to   space 30720K, 0% used [0x00000000f5400000,0x00000000f5400000,0x00000000f7200000)
 ParOldGen       total 125440K, used 70947K [0x00000000a0000000, 0x00000000a7a80000, 0x00000000e0000000)
  object space 125440K, 56% used [0x00000000a0000000,0x00000000a4548e78,0x00000000a7a80000)
 Metaspace       used 80635K, capacity 84598K, committed 84952K, reserved 1122304K
  class space    used 10365K, capacity 11164K, committed 11264K, reserved 1048576K
Event: 81.570 GC heap after
Heap after GC invocations=24 (full 3):
 PSYoungGen      total 378880K, used 9730K [0x00000000e0000000, 0x0000000100000000, 0x0000000100000000)
  eden space 348160K, 0% used [0x00000000e0000000,0x00000000e0000000,0x00000000f5400000)
  from space 30720K, 31% used [0x00000000f5400000,0x00000000f5d80a20,0x00000000f7200000)
  to   space 29696K, 0% used [0x00000000fe300000,0x00000000fe300000,0x0000000100000000)
 ParOldGen       total 125440K, used 74128K [0x00000000a0000000, 0x00000000a7a80000, 0x00000000e0000000)
  object space 125440K, 59% used [0x00000000a0000000,0x00000000a48640e8,0x00000000a7a80000)
 Metaspace       used 80635K, capacity 84598K, committed 84952K, reserved 1122304K
  class space    used 10365K, capacity 11164K, committed 11264K, reserved 1048576K
}

