# JRE version: OpenJDK Runtime Environment (8.0_152-b02) (build 1.8.0_152-release-1024-b02)
# Java VM: OpenJDK 64-Bit Server VM (25.152-b02 mixed mode windows-amd64 compressed oops)
Heap:
 PSYoungGen      total 465920K, used 282116K [0x00000000e0000000, 0x00000000ffb80000, 0x0000000100000000)
  eden space 413184K, 67% used [0x00000000e0000000,0x00000000f0fdcb10,0x00000000f9380000)
  from space 52736K, 7% used [0x00000000f9380000,0x00000000f9724628,0x00000000fc700000)
  to   space 51200K, 0% used [0x00000000fc980000,0x00000000fc980000,0x00000000ffb80000)
 ParOldGen       total 187904K, used 62126K [0x00000000a0000000, 0x00000000ab780000, 0x00000000e0000000)
  object space 187904K, 33% used [0x00000000a0000000,0x00000000a3cab9d8,0x00000000ab780000)
 Metaspace       used 94578K, capacity 99174K, committed 99712K, reserved 1136640K
  class space    used 11775K, capacity 12708K, committed 12928K, reserved 1048576K
GC Heap History (10 events):
Event: 4686.083 GC heap before
{Heap before GC invocations=33 (full 3):
 PSYoungGen      total 442368K, used 268923K [0x00000000e0000000, 0x0000000100000000, 0x0000000100000000)
  eden space 386048K, 69% used [0x00000000e0000000,0x00000000f0606d08,0x00000000f7900000)
  from space 56320K, 1% used [0x00000000f7900000,0x00000000f7998000,0x00000000fb000000)
  to   space 56832K, 0% used [0x00000000fc880000,0x00000000fc880000,0x0000000100000000)
 ParOldGen       total 136704K, used 88894K [0x00000000a0000000, 0x00000000a8580000, 0x00000000e0000000)
  object space 136704K, 65% used [0x00000000a0000000,0x00000000a56cfb20,0x00000000a8580000)
 Metaspace       used 93499K, capacity 98170K, committed 98304K, reserved 1134592K
  class space    used 11749K, capacity 12715K, committed 12800K, reserved 1048576K
Event: 4686.090 GC heap after
Heap after GC invocations=33 (full 3):
 PSYoungGen      total 467456K, used 2733K [0x00000000e0000000, 0x00000000fff80000, 0x0000000100000000)
  eden space 411136K, 0% used [0x00000000e0000000,0x00000000e0000000,0x00000000f9180000)
  from space 56320K, 4% used [0x00000000fc880000,0x00000000fcb2b410,0x00000000fff80000)
  to   space 56320K, 0% used [0x00000000f9180000,0x00000000f9180000,0x00000000fc880000)
 ParOldGen       total 136704K, used 88958K [0x00000000a0000000, 0x00000000a8580000, 0x00000000e0000000)
  object space 136704K, 65% used [0x00000000a0000000,0x00000000a56dfb20,0x00000000a8580000)
 Metaspace       used 93499K, capacity 98170K, committed 98304K, reserved 1134592K
  class space    used 11749K, capacity 12715K, committed 12800K, reserved 1048576K
}
Event: 4686.090 GC heap before
{Heap before GC invocations=34 (full 4):
 PSYoungGen      total 467456K, used 2733K [0x00000000e0000000, 0x00000000fff80000, 0x0000000100000000)
  eden space 411136K, 0% used [0x00000000e0000000,0x00000000e0000000,0x00000000f9180000)
  from space 56320K, 4% used [0x00000000fc880000,0x00000000fcb2b410,0x00000000fff80000)
  to   space 56320K, 0% used [0x00000000f9180000,0x00000000f9180000,0x00000000fc880000)
 ParOldGen       total 136704K, used 88958K [0x00000000a0000000, 0x00000000a8580000, 0x00000000e0000000)
  object space 136704K, 65% used [0x00000000a0000000,0x00000000a56dfb20,0x00000000a8580000)
 Metaspace       used 93499K, capacity 98170K, committed 98304K, reserved 1134592K
  class space    used 11749K, capacity 12715K, committed 12800K, reserved 1048576K
Event: 4686.359 GC heap after
Heap after GC invocations=34 (full 4):
 PSYoungGen      total 467456K, used 0K [0x00000000e0000000, 0x00000000fff80000, 0x0000000100000000)
  eden space 411136K, 0% used [0x00000000e0000000,0x00000000e0000000,0x00000000f9180000)
  from space 56320K, 0% used [0x00000000fc880000,0x00000000fc880000,0x00000000fff80000)
  to   space 56320K, 0% used [0x00000000f9180000,0x00000000f9180000,0x00000000fc880000)
 ParOldGen       total 187904K, used 56069K [0x00000000a0000000, 0x00000000ab780000, 0x00000000e0000000)
  object space 187904K, 29% used [0x00000000a0000000,0x00000000a36c1728,0x00000000ab780000)
 Metaspace       used 92408K, capacity 96224K, committed 98304K, reserved 1134592K
  class space    used 11507K, capacity 12309K, committed 12800K, reserved 1048576K
}
Event: 4720.624 GC heap before
{Heap before GC invocations=35 (full 4):
 PSYoungGen      total 467456K, used 411136K [0x00000000e0000000, 0x00000000fff80000, 0x0000000100000000)
  eden space 411136K, 100% used [0x00000000e0000000,0x00000000f9180000,0x00000000f9180000)
  from space 56320K, 0% used [0x00000000fc880000,0x00000000fc880000,0x00000000fff80000)
  to   space 56320K, 0% used [0x00000000f9180000,0x00000000f9180000,0x00000000fc880000)
 ParOldGen       total 187904K, used 56069K [0x00000000a0000000, 0x00000000ab780000, 0x00000000e0000000)
  object space 187904K, 29% used [0x00000000a0000000,0x00000000a36c1728,0x00000000ab780000)
 Metaspace       used 93684K, capacity 98016K, committed 99200K, reserved 1136640K
  class space    used 11714K, capacity 12603K, committed 12928K, reserved 1048576K
Event: 4720.637 GC heap after
Heap after GC invocations=35 (full 4):
 PSYoungGen      total 420864K, used 9589K [0x00000000e0000000, 0x00000000ffc00000, 0x0000000100000000)
  eden space 411136K, 0% used [0x00000000e0000000,0x00000000e0000000,0x00000000f9180000)
  from space 9728K, 98% used [0x00000000f9180000,0x00000000f9add748,0x00000000f9b00000)
  to   space 54272K, 0% used [0x00000000fc700000,0x00000000fc700000,0x00000000ffc00000)
 ParOldGen       total 187904K, used 56077K [0x00000000a0000000, 0x00000000ab780000, 0x00000000e0000000)
  object space 187904K, 29% used [0x00000000a0000000,0x00000000a36c3728,0x00000000ab780000)
 Metaspace       used 93684K, capacity 98016K, committed 99200K, reserved 1136640K
  class space    used 11714K, capacity 12603K, committed 12928K, reserved 1048576K
}
Event: 4741.050 GC heap before
{Heap before GC invocations=36 (full 4):
 PSYoungGen      total 420864K, used 420351K [0x00000000e0000000, 0x00000000ffc00000, 0x0000000100000000)
  eden space 411136K, 99% used [0x00000000e0000000,0x00000000f9122700,0x00000000f9180000)
  from space 9728K, 98% used [0x00000000f9180000,0x00000000f9add748,0x00000000f9b00000)
  to   space 54272K, 0% used [0x00000000fc700000,0x00000000fc700000,0x00000000ffc00000)
 ParOldGen       total 187904K, used 56077K [0x00000000a0000000, 0x00000000ab780000, 0x00000000e0000000)
  object space 187904K, 29% used [0x00000000a0000000,0x00000000a36c3728,0x00000000ab780000)
 Metaspace       used 94230K, capacity 98870K, committed 99456K, reserved 1136640K
  class space    used 11769K, capacity 12702K, committed 12928K, reserved 1048576K
Event: 4741.060 GC heap after
Heap after GC invocations=36 (full 4):
 PSYoungGen      total 467456K, used 6541K [0x00000000e0000000, 0x0000000100000000, 0x0000000100000000)
  eden space 413184K, 0% used [0x00000000e0000000,0x00000000e0000000,0x00000000f9380000)
  from space 54272K, 12% used [0x00000000fc700000,0x00000000fcd634a8,0x00000000ffc00000)
  to   space 52736K, 0% used [0x00000000f9380000,0x00000000f9380000,0x00000000fc700000)
 ParOldGen       total 187904K, used 57631K [0x00000000a0000000, 0x00000000ab780000, 0x00000000e0000000)
  object space 187904K, 30% used [0x00000000a0000000,0x00000000a3847f40,0x00000000ab780000)
 Metaspace       used 94230K, capacity 98870K, committed 99456K, reserved 1136640K
  class space    used 11769K, capacity 12702K, committed 12928K, reserved 1048576K
}
Event: 4748.398 GC heap before
{Heap before GC invocations=37 (full 4):
 PSYoungGen      total 467456K, used 419473K [0x00000000e0000000, 0x0000000100000000, 0x0000000100000000)
  eden space 413184K, 99% used [0x00000000e0000000,0x00000000f9340fb8,0x00000000f9380000)
  from space 54272K, 12% used [0x00000000fc700000,0x00000000fcd634a8,0x00000000ffc00000)
  to   space 52736K, 0% used [0x00000000f9380000,0x00000000f9380000,0x00000000fc700000)
 ParOldGen       total 187904K, used 57631K [0x00000000a0000000, 0x00000000ab780000, 0x00000000e0000000)
  object space 187904K, 30% used [0x00000000a0000000,0x00000000a3847f40,0x00000000ab780000)
 Metaspace       used 94409K, capacity 99008K, committed 99712K, reserved 1136640K
  class space    used 11771K, capacity 12703K, committed 12928K, reserved 1048576K
Event: 4748.407 GC heap after
Heap after GC invocations=37 (full 4):
 PSYoungGen      total 465920K, used 3729K [0x00000000e0000000, 0x00000000ffb80000, 0x0000000100000000)
  eden space 413184K, 0% used [0x00000000e0000000,0x00000000e0000000,0x00000000f9380000)
  from space 52736K, 7% used [0x00000000f9380000,0x00000000f9724628,0x00000000fc700000)
  to   space 51200K, 0% used [0x00000000fc980000,0x00000000fc980000,0x00000000ffb80000)
 ParOldGen       total 187904K, used 62126K [0x00000000a0000000, 0x00000000ab780000, 0x00000000e0000000)
  object space 187904K, 33% used [0x00000000a0000000,0x00000000a3cab9d8,0x00000000ab780000)
 Metaspace       used 94409K, capacity 99008K, committed 99712K, reserved 1136640K
  class space    used 11771K, capacity 12703K, committed 12928K, reserved 1048576K
}

